2019-05-24 17:08:17.700 INFO  jforex.tester.client.gui.TesterClientRunner - Connecting...
2019-05-24 17:08:18.793 INFO  com.dukascopy.api.impl.connect.AuthorizationClient - environment(jnlp.client.mode)=DEMO, platformInstanceId=null
2019-05-24 17:08:18.809 INFO  com.dukascopy.api.impl.connect.AuthorizationClient - Auth step 1 request [F694D0D55B08C532D6D5EF331AEC08A2C13D7DFB]
2019-05-24 17:08:18.812 DEBUG com.dukascopy.api.impl.connect.AuthorizationClient - >> [https://login.dukascopy.com/authorization-1/demo/auth?munus=srp_api&passus=1&sermo=ddf28e64-bcf0-4f9d-a0b3-a808587659e2&putent_genus=0&appello=F694D0D55B08C532D6D5EF331AEC08A2C13D7DFB&srp_versio=1]
2019-05-24 17:08:21.245 DEBUG com.dukascopy.api.impl.connect.AuthorizationClient - << [{"B":"97906d2ceebb0f4824e3fcefeb521a30e1639fa77a14a4ea60657baf99d496fbb29e435c62551f230bb458b05ad1aad268e3e8c370bf93f41d7a49d0d00a87ce8b08cb2275325f4dd38e8cd89fdd3c8cd0ce9dc78eecb7ec000dcfc0dad12be17bd513b9a5866f1732aeb2e67ea3b4dc6420d915f887094572c172ef1868072b10c83f7686a9fa02b50794a86626a998411f687cf21ec1889156ce37c635043f9162555ce7ecb7c9b468936ba871fb2101297e372f3635ef0e6f06b66fbf1b314a5578b6aef9a427dd4df4fe8b1dbf8d38133034a34063ed44f2928e126c5f8eb872ff025cb36bd83535e6f9f889f5e682f8bc3e52a4d338fe59acbc857d3fdf","S":"34efc13e997f92ee7ed3bc0061d88d34","G":"2","H":"SHA-256","K":"5b9e8ef059c6b32ea59fc1d322d37f04aa30bae5aa9003b8321e21ddb04e300","N":"ac6bdb41324a9a9bf166de5e1389582faf72b6651987ee07fc3192943db56050a37329cbb4a099ed8193e0757767a13dd52312ab4b03310dcd7f48a9da04fd50e8083969edb767b0cf6095179a163ab3661a05fbd5faaae82918a9962f0b93b855f97993ec975eeaa80d740adbf4ff747359d041d5c33ea71d281e446b14773bca97b43a23fb801676bd207a436c6481f1d2b9078717461a5b9d32e688f87748544523b524b0d57d5ea77a2775d2ecfa032cfbdbf52fb3786160279004e57ae6af874e7303ce53299ccc041c7bc308d82a5698f3a8d0c38271ae35f8e9dbfbb694b5c803d89f7ae435de236d525f54759b65e372fcd68ef20fa7111f9e4aff73","srp_versio":"1"}]
2019-05-24 17:08:21.247 INFO  com.dukascopy.api.impl.connect.AuthorizationClient - Auth step 1 response [ServerResponseObject [passwordServerResponse=Step1ServerResponse [serverPublicValueB=97906d2ceebb0f4824e3fcefeb521a30e1639fa77a14a4ea60657baf99d496fbb29e435c62551f230bb458b05ad1aad268e3e8c370bf93f41d7a49d0d00a87ce8b08cb2275325f4dd38e8cd89fdd3c8cd0ce9dc78eecb7ec000dcfc0dad12be17bd513b9a5866f1732aeb2e67ea3b4dc6420d915f887094572c172ef1868072b10c83f7686a9fa02b50794a86626a998411f687cf21ec1889156ce37c635043f9162555ce7ecb7c9b468936ba871fb2101297e372f3635ef0e6f06b66fbf1b314a5578b6aef9a427dd4df4fe8b1dbf8d38133034a34063ed44f2928e126c5f8eb872ff025cb36bd83535e6f9f889f5e682f8bc3e52a4d338fe59acbc857d3fdf, saltS=34efc13e997f92ee7ed3bc0061d88d34, safePrimeN=ac6bdb41324a9a9bf166de5e1389582faf72b6651987ee07fc3192943db56050a37329cbb4a099ed8193e0757767a13dd52312ab4b03310dcd7f48a9da04fd50e8083969edb767b0cf6095179a163ab3661a05fbd5faaae82918a9962f0b93b855f97993ec975eeaa80d740adbf4ff747359d041d5c33ea71d281e446b14773bca97b43a23fb801676bd207a436c6481f1d2b9078717461a5b9d32e688f87748544523b524b0d57d5ea77a2775d2ecfa032cfbdbf52fb3786160279004e57ae6af874e7303ce53299ccc041c7bc308d82a5698f3a8d0c38271ae35f8e9dbfbb694b5c803d89f7ae435de236d525f54759b65e372fcd68ef20fa7111f9e4aff73, correspondingGeneratorG=2, hashAlgorithmH=SHA-256, srpProtocolVersion=1], ]]
2019-05-24 17:08:21.301 INFO  com.dukascopy.api.impl.connect.AuthorizationClient - Auth step 2 request A [10434550311602837826632587315564398290843116119658911004302127967426412003471440655324108934765589314932126819147358594095175270639099199586553856953255695231221112345348716096936835266544237261422664112352743793904747639907274223891389487543468413697980610734476989584712541898460365645716938233308962871839174909583416590207204597349194911197092501517433073039786786445926630753636635254639435437112438853639038477297481717229808803279684698214049702184203093725598011290454836996455022287611646035424510854842252071836195473312116102390944140154515782102575000501546153887997418418196502917031453970782475101051947], M1 [108916464118868017144273660971705091032617411151769455009818603943070252128248]
2019-05-24 17:08:21.301 DEBUG com.dukascopy.api.impl.connect.AuthorizationClient - >> [https://login.dukascopy.com/authorization-1/demo/auth?munus=srp_api&testimonium_nuntius=f0cc88ba3553dc72c354ac56c41c53626fad0eb01918ae0a326c521f4717d7f8&passus=2&publicus_pendo=52a855e013a2d05d6eeefe04ba62010f217d8707f91179f852ca7f8d5eb514eb198ee75bc13b7ca235b7483a03e769907bdaf00f228e0c725e23a7d11930580439eb017f0b613ef4961ed59d740d700a350fa4f4ccafc6adf109679a38a96d08b318b965226738da438ed8502412005414775f66c2baeaf7d7e443c2ec608e701cb868a33356498c6834d14701d60f7d53e5d6a3b41bbc75dc39fa3e05b58fe614ed0c51288e8010591a8eb68b066d5adbd4918ad17543500da48caf8e147f7056c581cb23a59f53dcd5f7c34d24c01929e4fbdc02173aa038bd86dc7fefcdeee1bdd901fd80818c4f60725db294709a900922b20cb2bae53fd8c94f54e69c2b&sermo=ddf28e64-bcf0-4f9d-a0b3-a808587659e2&putent_genus=0&srp_versio=1]
2019-05-24 17:08:22.981 DEBUG com.dukascopy.api.impl.connect.AuthorizationClient - << [{"M2":"18f81e13510f6625144d3e3ebb0fae4721785645df1e4d251876b847370be99c","srp_versio":"1"}]
2019-05-24 17:08:22.982 INFO  com.dukascopy.api.impl.connect.AuthorizationClient - Auth step 2 response [ServerResponseObject [passwordServerResponse=Step2ServerResponse [serverEvidenceMessageM2=18f81e13510f6625144d3e3ebb0fae4721785645df1e4d251876b847370be99c, srpProtocolVersion=1], ]]
2019-05-24 17:08:22.984 INFO  com.dukascopy.api.impl.connect.AuthorizationClient - Auth step 3 request
2019-05-24 17:08:22.984 DEBUG com.dukascopy.api.impl.connect.AuthorizationClient - >> [https://login.dukascopy.com/authorization-1/demo/auth?munus=srp_api&passus=3&sermo=ddf28e64-bcf0-4f9d-a0b3-a808587659e2&versio=318.4.68&willPing=true&occasus_content_vulgate=0&putent_genus=0&occasus=true&platform=DDS3_JFOREXSDK&srp_versio=1]
2019-05-24 17:08:24.675 DEBUG com.dukascopy.api.impl.connect.AuthorizationClient - << [Account is expired]
2019-05-24 17:08:24.675 ERROR com.dukascopy.api.impl.connect.AuthorizationClient - Account is expired
AuthServerResponse [response=Account is expired, responseCode=823, headerFields={Transfer-Encoding=[chunked], null=[HTTP/1.1 823], CF-RAY=[4dbe1feb0c44d1f3-HKG], Server=[cloudflare], Connection=[keep-alive], Pragma=[no-cache], Last-Modified=[Fri, 24 May 2019 09:08:23 GMT], StatusCode=[823], Date=[Fri, 24 May 2019 09:08:24 GMT], StatusMessage=[Account is expired], Cache-Control=[no-cache, must-revalidate, no-store, max-age=0], Access-Control-Allow-Credentials=[true], Set-Cookie=[__cfduid=d511290700c6cce6239a3fbc1fe7eb0161558688902; expires=Sat, 23-May-20 09:08:22 GMT; path=/; domain=.dukascopy.com; HttpOnly], Expires=[Thu, 01 Jan 1970 00:00:00 GMT], Content-Language=[en], Expect-CT=[max-age=604800, report-uri="https://report-uri.cloudflare.com/cdn-cgi/beacon/expect-ct"], Content-Type=[text/html;charset=UTF-8]}]
	at com.dukascopy.auth.client.transport.http.HttpAuthTransport.makeServerRequest(HttpAuthTransport.java:109)
	at com.dukascopy.auth.client.protocol.AbstractSRPClientProtocol.performStep3(AbstractSRPClientProtocol.java:216)
	at com.dukascopy.auth.client.SRPAuthClient.step3(SRPAuthClient.java:119)
	at com.dukascopy.auth.client.SRPAuthClient.authenticate(SRPAuthClient.java:90)
	at com.dukascopy.api.impl.connect.AuthorizationClient.getAPIsAndTicketUsingLogin_SRP6(AuthorizationClient.java:1021)
	at com.dukascopy.api.impl.connect.AuthorizationClient.getAPIsAndTicketUsingLogin_SRP6(AuthorizationClient.java:838)
	at com.dukascopy.api.impl.connect.TesterClientImpl.authenticateAPI(TesterClientImpl.java:453)
	at com.dukascopy.api.impl.connect.TesterClientImpl.connect(TesterClientImpl.java:230)
	at com.dukascopy.api.impl.connect.TesterClientImpl.connect(TesterClientImpl.java:221)
	at jforex.tester.client.gui.TesterClientRunner.tryToConnect(TesterClientRunner.java:106)
	at jforex.tester.client.gui.TesterClientRunner.start(TesterClientRunner.java:60)
	at jforex.tester.client.gui.TesterMainGUIMode$1.run(TesterMainGUIMode.java:67)
	at java.lang.Thread.run(Thread.java:748)
	at jforex.tester.client.gui.MyTesterWindow$1.actionPerformed(MyTesterWindow.java:141)
	at javax.swing.AbstractButton.fireActionPerformed(AbstractButton.java:2022)
	at javax.swing.AbstractButton$Handler.actionPerformed(AbstractButton.java:2348)
	at javax.swing.DefaultButtonModel.fireActionPerformed(DefaultButtonModel.java:402)
	at javax.swing.DefaultButtonModel.setPressed(DefaultButtonModel.java:259)
	at javax.swing.plaf.basic.BasicButtonListener.mouseReleased(BasicButtonListener.java:252)
	at java.awt.Component.processMouseEvent(Component.java:6539)
	at javax.swing.JComponent.processMouseEvent(JComponent.java:3324)
	at java.awt.Component.processEvent(Component.java:6304)
	at java.awt.Container.processEvent(Container.java:2239)
	at java.awt.Component.dispatchEventImpl(Component.java:4889)
	at java.awt.Container.dispatchEventImpl(Container.java:2297)
	at java.awt.Component.dispatchEvent(Component.java:4711)
	at java.awt.LightweightDispatcher.retargetMouseEvent(Container.java:4904)
	at java.awt.LightweightDispatcher.processMouseEvent(Container.java:4535)
	at java.awt.LightweightDispatcher.dispatchEvent(Container.java:4476)
	at java.awt.Container.dispatchEventImpl(Container.java:2283)
	at java.awt.Window.dispatchEventImpl(Window.java:2746)
	at java.awt.Component.dispatchEvent(Component.java:4711)
	at java.awt.EventQueue.dispatchEventImpl(EventQueue.java:760)
	at java.awt.EventQueue.access$500(EventQueue.java:97)
	at java.awt.EventQueue$3.run(EventQueue.java:709)
	at java.awt.EventQueue$3.run(EventQueue.java:703)
	at java.security.AccessController.doPrivileged(Native Method)
	at java.security.ProtectionDomain$JavaSecurityAccessImpl.doIntersectionPrivilege(ProtectionDomain.java:74)
	at java.security.ProtectionDomain$JavaSecurityAccessImpl.doIntersectionPrivilege(ProtectionDomain.java:84)
	at java.awt.EventQueue$4.run(EventQueue.java:733)
	at java.awt.EventQueue$4.run(EventQueue.java:731)
	at java.security.AccessController.doPrivileged(Native Method)
	at java.security.ProtectionDomain$JavaSecurityAccessImpl.doIntersectionPrivilege(ProtectionDomain.java:74)
	at java.awt.EventQueue.dispatchEvent(EventQueue.java:730)
	at java.awt.EventDispatchThread.pumpOneEventForFilters(EventDispatchThread.java:205)
	at java.awt.EventDispatchThread.pumpEventsForFilter(EventDispatchThread.java:116)
	at java.awt.EventDispatchThread.pumpEventsForHierarchy(EventDispatchThread.java:105)
	at java.awt.EventDispatchThread.pumpEvents(EventDispatchThread.java:101)
	at java.awt.EventDispatchThread.pumpEvents(EventDispatchThread.java:93)
	at java.awt.EventDispatchThread.run(EventDispatchThread.java:82)
2019-05-24 17:08:24.679 DEBUG com.dukascopy.api.impl.connect.TesterClientImpl - 
2019-05-24 17:08:24.679 ERROR jforex.tester.client.gui.TesterMainGUIMode - Account locked. Error: 823
com.dukascopy.api.JFException: Account locked. Error: 823
	at com.dukascopy.api.impl.connect.TesterClientImpl.authenticateAPI(TesterClientImpl.java:520)
	at com.dukascopy.api.impl.connect.TesterClientImpl.connect(TesterClientImpl.java:230)
	at com.dukascopy.api.impl.connect.TesterClientImpl.connect(TesterClientImpl.java:221)
	at jforex.tester.client.gui.TesterClientRunner.tryToConnect(TesterClientRunner.java:106)
	at jforex.tester.client.gui.TesterClientRunner.start(TesterClientRunner.java:60)
	at jforex.tester.client.gui.TesterMainGUIMode$1.run(TesterMainGUIMode.java:67)
	at java.lang.Thread.run(Thread.java:748)
	at jforex.tester.client.gui.MyTesterWindow$1.actionPerformed(MyTesterWindow.java:141)
	at javax.swing.AbstractButton.fireActionPerformed(AbstractButton.java:2022)
	at javax.swing.AbstractButton$Handler.actionPerformed(AbstractButton.java:2348)
	at javax.swing.DefaultButtonModel.fireActionPerformed(DefaultButtonModel.java:402)
	at javax.swing.DefaultButtonModel.setPressed(DefaultButtonModel.java:259)
	at javax.swing.plaf.basic.BasicButtonListener.mouseReleased(BasicButtonListener.java:252)
	at java.awt.Component.processMouseEvent(Component.java:6539)
	at javax.swing.JComponent.processMouseEvent(JComponent.java:3324)
	at java.awt.Component.processEvent(Component.java:6304)
	at java.awt.Container.processEvent(Container.java:2239)
	at java.awt.Component.dispatchEventImpl(Component.java:4889)
	at java.awt.Container.dispatchEventImpl(Container.java:2297)
	at java.awt.Component.dispatchEvent(Component.java:4711)
	at java.awt.LightweightDispatcher.retargetMouseEvent(Container.java:4904)
	at java.awt.LightweightDispatcher.processMouseEvent(Container.java:4535)
	at java.awt.LightweightDispatcher.dispatchEvent(Container.java:4476)
	at java.awt.Container.dispatchEventImpl(Container.java:2283)
	at java.awt.Window.dispatchEventImpl(Window.java:2746)
	at java.awt.Component.dispatchEvent(Component.java:4711)
	at java.awt.EventQueue.dispatchEventImpl(EventQueue.java:760)
	at java.awt.EventQueue.access$500(EventQueue.java:97)
	at java.awt.EventQueue$3.run(EventQueue.java:709)
	at java.awt.EventQueue$3.run(EventQueue.java:703)
	at java.security.AccessController.doPrivileged(Native Method)
	at java.security.ProtectionDomain$JavaSecurityAccessImpl.doIntersectionPrivilege(ProtectionDomain.java:74)
	at java.security.ProtectionDomain$JavaSecurityAccessImpl.doIntersectionPrivilege(ProtectionDomain.java:84)
	at java.awt.EventQueue$4.run(EventQueue.java:733)
	at java.awt.EventQueue$4.run(EventQueue.java:731)
	at java.security.AccessController.doPrivileged(Native Method)
	at java.security.ProtectionDomain$JavaSecurityAccessImpl.doIntersectionPrivilege(ProtectionDomain.java:74)
	at java.awt.EventQueue.dispatchEvent(EventQueue.java:730)
	at java.awt.EventDispatchThread.pumpOneEventForFilters(EventDispatchThread.java:205)
	at java.awt.EventDispatchThread.pumpEventsForFilter(EventDispatchThread.java:116)
	at java.awt.EventDispatchThread.pumpEventsForHierarchy(EventDispatchThread.java:105)
	at java.awt.EventDispatchThread.pumpEvents(EventDispatchThread.java:101)
	at java.awt.EventDispatchThread.pumpEvents(EventDispatchThread.java:93)
	at java.awt.EventDispatchThread.run(EventDispatchThread.java:82)
