2019-05-24 15:20:02.834 INFO  singlejartest.Main - Connecting...
2019-05-24 15:20:03.718 INFO  com.dukascopy.api.impl.connect.AuthorizationClient - environment(jnlp.client.mode)=DEMO, platformInstanceId=null
2019-05-24 15:20:03.729 INFO  com.dukascopy.api.impl.connect.AuthorizationClient - Auth step 1 request [F694D0D55B08C532D6D5EF331AEC08A2C13D7DFB]
2019-05-24 15:20:03.732 DEBUG com.dukascopy.api.impl.connect.AuthorizationClient - >> [https://login.dukascopy.com/authorization-1/demo/auth?munus=srp_api&passus=1&sermo=60acd29a-1ece-4163-aa83-87e8fb52a0f3&putent_genus=0&appello=F694D0D55B08C532D6D5EF331AEC08A2C13D7DFB&srp_versio=1]
2019-05-24 15:20:05.723 DEBUG com.dukascopy.api.impl.connect.AuthorizationClient - << [{"B":"3c14cb80fdb189721c5499c2d1058688812a796c5e0f66fb8ee7948f6734a9cc94340c533dd9fb153901441e6e70b25b3c3228b99fb8774a78b3232d96004f86668254e9fd5ef8390b5baf527fe2e11688b6fac9c9bfdbf3c4ed319cb2a3992bcc5db443dd2f12af3ce6add3def274caf20dade51123261bf8a84b5609ce4b9c8071d859d2bf48c7889cd3b8c62d30e9875131603ec37579aedc1ea56d7f0634039d510a034c0f57e3b11b337150c8551d9a14d127b224b20059aff0ef0a28d815c665d5ee5826e4a9ead2c209f52bec015ebc613ff8447de8e9e5641e85f5b37a737c3c8a1cc66859be65bb680eed6ce435d565f90e04c9cd89e5190b7673cc","S":"43d17902ac3316e6c965603651037cf0","G":"2","H":"SHA-256","K":"5b9e8ef059c6b32ea59fc1d322d37f04aa30bae5aa9003b8321e21ddb04e300","N":"ac6bdb41324a9a9bf166de5e1389582faf72b6651987ee07fc3192943db56050a37329cbb4a099ed8193e0757767a13dd52312ab4b03310dcd7f48a9da04fd50e8083969edb767b0cf6095179a163ab3661a05fbd5faaae82918a9962f0b93b855f97993ec975eeaa80d740adbf4ff747359d041d5c33ea71d281e446b14773bca97b43a23fb801676bd207a436c6481f1d2b9078717461a5b9d32e688f87748544523b524b0d57d5ea77a2775d2ecfa032cfbdbf52fb3786160279004e57ae6af874e7303ce53299ccc041c7bc308d82a5698f3a8d0c38271ae35f8e9dbfbb694b5c803d89f7ae435de236d525f54759b65e372fcd68ef20fa7111f9e4aff73","srp_versio":"1"}]
2019-05-24 15:20:05.724 INFO  com.dukascopy.api.impl.connect.AuthorizationClient - Auth step 1 response [ServerResponseObject [passwordServerResponse=Step1ServerResponse [serverPublicValueB=3c14cb80fdb189721c5499c2d1058688812a796c5e0f66fb8ee7948f6734a9cc94340c533dd9fb153901441e6e70b25b3c3228b99fb8774a78b3232d96004f86668254e9fd5ef8390b5baf527fe2e11688b6fac9c9bfdbf3c4ed319cb2a3992bcc5db443dd2f12af3ce6add3def274caf20dade51123261bf8a84b5609ce4b9c8071d859d2bf48c7889cd3b8c62d30e9875131603ec37579aedc1ea56d7f0634039d510a034c0f57e3b11b337150c8551d9a14d127b224b20059aff0ef0a28d815c665d5ee5826e4a9ead2c209f52bec015ebc613ff8447de8e9e5641e85f5b37a737c3c8a1cc66859be65bb680eed6ce435d565f90e04c9cd89e5190b7673cc, saltS=43d17902ac3316e6c965603651037cf0, safePrimeN=ac6bdb41324a9a9bf166de5e1389582faf72b6651987ee07fc3192943db56050a37329cbb4a099ed8193e0757767a13dd52312ab4b03310dcd7f48a9da04fd50e8083969edb767b0cf6095179a163ab3661a05fbd5faaae82918a9962f0b93b855f97993ec975eeaa80d740adbf4ff747359d041d5c33ea71d281e446b14773bca97b43a23fb801676bd207a436c6481f1d2b9078717461a5b9d32e688f87748544523b524b0d57d5ea77a2775d2ecfa032cfbdbf52fb3786160279004e57ae6af874e7303ce53299ccc041c7bc308d82a5698f3a8d0c38271ae35f8e9dbfbb694b5c803d89f7ae435de236d525f54759b65e372fcd68ef20fa7111f9e4aff73, correspondingGeneratorG=2, hashAlgorithmH=SHA-256, srpProtocolVersion=1], ]]
2019-05-24 15:20:05.764 INFO  com.dukascopy.api.impl.connect.AuthorizationClient - Auth step 2 request A [18012084107276354553026915149602018319658429844004636876019795581740895398223122048441071162338965767337295425084324906562615349286173200334428060171135331437251196877019916043860012183626275880969546234789018069277753380011412401626507143149063972741249580968034263964473182277791625981498490615963139971163419485347225988872010712775154082469652211505152986691907809589888608194956993371672804618405607021857303247650045316926672305999483449920085199189567040421993144203173944840722505432554071716837775318130351755743686754971997507502579998000872704229416627862651389833426109302468002388787271162903231347179823], M1 [19024644624420340679802885969066435671221644021320785868004537281376583084546]
2019-05-24 15:20:05.765 DEBUG com.dukascopy.api.impl.connect.AuthorizationClient - >> [https://login.dukascopy.com/authorization-1/demo/auth?munus=srp_api&testimonium_nuntius=2a0f91388e30363a1a50b86732bbf5587c6e3e8523a74fc36e2eccc220baea02&passus=2&publicus_pendo=8eaee5917215b7065966ede1ea9ab28f11225edc71e217f034b7a78fdf88405429bd533215c9dcbdd1740bdf5f468dc57091fa988ae84dc40ec417d9400b13315dce084e625fdf52c8dd17ba1307d14016a199ce26785856c8d29637593b15c2d49e371af7da1d6ec6cbbf6f6a52a03c5cef99e5d4c2663db31c61251705b98e096dc9baba9a57b0c8c144d0292f6f332777b605e56c9a403c31b005e9e821460b8061ceff5802e7322c6d73051bfbd465754f963f320c15b78fd79fcd2445a510ed6d9605668b61295070aa5b70e9a5c4f7814fdd8114c07c929e380e6f429e0197fba05248b67d113b55e5ac4b7a66943e8a26384c08327ebcfc94a1f2412f&sermo=60acd29a-1ece-4163-aa83-87e8fb52a0f3&putent_genus=0&srp_versio=1]
2019-05-24 15:20:07.306 DEBUG com.dukascopy.api.impl.connect.AuthorizationClient - << [{"M2":"212187bd183a2a6d2dbc57a25f24b4bf475ce3c2ed7038f4b5b2e306a1e0f045","srp_versio":"1"}]
2019-05-24 15:20:07.307 INFO  com.dukascopy.api.impl.connect.AuthorizationClient - Auth step 2 response [ServerResponseObject [passwordServerResponse=Step2ServerResponse [serverEvidenceMessageM2=212187bd183a2a6d2dbc57a25f24b4bf475ce3c2ed7038f4b5b2e306a1e0f045, srpProtocolVersion=1], ]]
2019-05-24 15:20:07.307 INFO  com.dukascopy.api.impl.connect.AuthorizationClient - Auth step 3 request
2019-05-24 15:20:07.307 DEBUG com.dukascopy.api.impl.connect.AuthorizationClient - >> [https://login.dukascopy.com/authorization-1/demo/auth?munus=srp_api&passus=3&sermo=60acd29a-1ece-4163-aa83-87e8fb52a0f3&versio=318.4.68&willPing=true&occasus_content_vulgate=0&putent_genus=0&occasus=true&platform=DDS3_JFOREXSDK&srp_versio=1]
2019-05-24 15:20:09.269 DEBUG com.dukascopy.api.impl.connect.AuthorizationClient - << [Account is expired]
2019-05-24 15:20:09.269 ERROR com.dukascopy.api.impl.connect.AuthorizationClient - Account is expired
AuthServerResponse [response=Account is expired, responseCode=823, headerFields={Transfer-Encoding=[chunked], null=[HTTP/1.1 823], CF-RAY=[4dbd81555b4aa330-HKG], Server=[cloudflare], Connection=[keep-alive], Pragma=[no-cache], Last-Modified=[Fri, 24 May 2019 07:20:08 GMT], StatusCode=[823], Date=[Fri, 24 May 2019 07:20:08 GMT], StatusMessage=[Account is expired], Cache-Control=[no-cache, must-revalidate, no-store, max-age=0], Access-Control-Allow-Credentials=[true], Set-Cookie=[__cfduid=d86dabd92556d6196970ead2003ecd7421558682407; expires=Sat, 23-May-20 07:20:07 GMT; path=/; domain=.dukascopy.com; HttpOnly], Expires=[Thu, 01 Jan 1970 00:00:00 GMT], Content-Language=[en], Expect-CT=[max-age=604800, report-uri="https://report-uri.cloudflare.com/cdn-cgi/beacon/expect-ct"], Content-Type=[text/html;charset=UTF-8]}]
	at com.dukascopy.auth.client.transport.http.HttpAuthTransport.makeServerRequest(HttpAuthTransport.java:109)
	at com.dukascopy.auth.client.protocol.AbstractSRPClientProtocol.performStep3(AbstractSRPClientProtocol.java:216)
	at com.dukascopy.auth.client.SRPAuthClient.step3(SRPAuthClient.java:119)
	at com.dukascopy.auth.client.SRPAuthClient.authenticate(SRPAuthClient.java:90)
	at com.dukascopy.api.impl.connect.AuthorizationClient.getAPIsAndTicketUsingLogin_SRP6(AuthorizationClient.java:1021)
	at com.dukascopy.api.impl.connect.AuthorizationClient.getAPIsAndTicketUsingLogin_SRP6(AuthorizationClient.java:838)
	at com.dukascopy.api.impl.connect.TesterClientImpl.authenticateAPI(TesterClientImpl.java:453)
	at com.dukascopy.api.impl.connect.TesterClientImpl.connect(TesterClientImpl.java:230)
	at com.dukascopy.api.impl.connect.TesterClientImpl.connect(TesterClientImpl.java:221)
	at singlejartest.TesterMain.tryToConnect(TesterMain.java:108)
	at singlejartest.TesterMain.main(TesterMain.java:61)
2019-05-24 15:20:09.274 DEBUG com.dukascopy.api.impl.connect.TesterClientImpl - 
